{"E:\\personal-projects\\sync-to-async-migration\\src\\get-balance-due.js": {"path":"E:\\personal-projects\\sync-to-async-migration\\src\\get-balance-due.js","statementMap":{"0":{"start":{"line":2,"column":0},"end":{"line":29,"column":5}},"1":{"start":{"line":6,"column":15},"end":{"line":6,"column":28}},"2":{"start":{"line":7,"column":17},"end":{"line":7,"column":32}},"3":{"start":{"line":11,"column":26},"end":{"line":11,"column":68}},"4":{"start":{"line":12,"column":26},"end":{"line":12,"column":68}},"5":{"start":{"line":14,"column":22},"end":{"line":14,"column":68}},"6":{"start":{"line":15,"column":8},"end":{"line":15,"column":69}},"7":{"start":{"line":17,"column":22},"end":{"line":17,"column":68}},"8":{"start":{"line":18,"column":8},"end":{"line":18,"column":74}},"9":{"start":{"line":20,"column":23},"end":{"line":20,"column":58}},"10":{"start":{"line":22,"column":8},"end":{"line":22,"column":107}},"11":{"start":{"line":24,"column":8},"end":{"line":24,"column":22}},"12":{"start":{"line":27,"column":4},"end":{"line":27,"column":35}}},"fnMap":{"0":{"name":"(anonymous_0)","decl":{"start":{"line":2,"column":1},"end":{"line":2,"column":2}},"loc":{"start":{"line":2,"column":12},"end":{"line":29,"column":1}},"line":2},"1":{"name":"getBalanceDue","decl":{"start":{"line":9,"column":13},"end":{"line":9,"column":26}},"loc":{"start":{"line":9,"column":29},"end":{"line":25,"column":5}},"line":9}},"branchMap":{},"s":{"0":0,"1":0,"2":0,"3":0,"4":0,"5":0,"6":0,"7":0,"8":0,"9":0,"10":0,"11":0,"12":0},"f":{"0":0,"1":0},"b":{},"hash":"91d4d106c743b5a709ae8364790c0fbfbf66c7db"}
,"E:\\personal-projects\\sync-to-async-migration\\src\\get-balance-due.refactored.js": {"path":"E:\\personal-projects\\sync-to-async-migration\\src\\get-balance-due.refactored.js","statementMap":{"0":{"start":{"line":1,"column":0},"end":{"line":67,"column":5}},"1":{"start":{"line":5,"column":15},"end":{"line":5,"column":28}},"2":{"start":{"line":6,"column":17},"end":{"line":6,"column":32}},"3":{"start":{"line":7,"column":25},"end":{"line":7,"column":42}},"4":{"start":{"line":9,"column":28},"end":{"line":14,"column":5}},"5":{"start":{"line":16,"column":20},"end":{"line":16,"column":38}},"6":{"start":{"line":17,"column":4},"end":{"line":23,"column":7}},"7":{"start":{"line":18,"column":8},"end":{"line":18,"column":37}},"8":{"start":{"line":19,"column":8},"end":{"line":19,"column":44}},"9":{"start":{"line":20,"column":8},"end":{"line":22,"column":9}},"10":{"start":{"line":21,"column":12},"end":{"line":21,"column":87}},"11":{"start":{"line":26,"column":22},"end":{"line":26,"column":70}},"12":{"start":{"line":27,"column":8},"end":{"line":27,"column":53}},"13":{"start":{"line":28,"column":8},"end":{"line":28,"column":41}},"14":{"start":{"line":32,"column":22},"end":{"line":32,"column":70}},"15":{"start":{"line":33,"column":8},"end":{"line":33,"column":53}},"16":{"start":{"line":34,"column":8},"end":{"line":34,"column":41}},"17":{"start":{"line":38,"column":23},"end":{"line":38,"column":58}},"18":{"start":{"line":39,"column":8},"end":{"line":39,"column":107}},"19":{"start":{"line":40,"column":8},"end":{"line":40,"column":44}},"20":{"start":{"line":45,"column":8},"end":{"line":61,"column":11}},"21":{"start":{"line":47,"column":12},"end":{"line":49,"column":15}},"22":{"start":{"line":48,"column":16},"end":{"line":48,"column":39}},"23":{"start":{"line":51,"column":30},"end":{"line":51,"column":72}},"24":{"start":{"line":52,"column":30},"end":{"line":52,"column":72}},"25":{"start":{"line":54,"column":12},"end":{"line":54,"column":47}},"26":{"start":{"line":55,"column":12},"end":{"line":55,"column":73}},"27":{"start":{"line":58,"column":12},"end":{"line":58,"column":47}},"28":{"start":{"line":59,"column":12},"end":{"line":59,"column":78}},"29":{"start":{"line":65,"column":4},"end":{"line":65,"column":35}}},"fnMap":{"0":{"name":"(anonymous_0)","decl":{"start":{"line":1,"column":1},"end":{"line":1,"column":2}},"loc":{"start":{"line":1,"column":12},"end":{"line":67,"column":1}},"line":1},"1":{"name":"(anonymous_1)","decl":{"start":{"line":17,"column":28},"end":{"line":17,"column":29}},"loc":{"start":{"line":17,"column":49},"end":{"line":23,"column":5}},"line":17},"2":{"name":"readFile1AndProcessData","decl":{"start":{"line":25,"column":19},"end":{"line":25,"column":42}},"loc":{"start":{"line":25,"column":54},"end":{"line":29,"column":5}},"line":25},"3":{"name":"readFile2AndProcessData","decl":{"start":{"line":31,"column":19},"end":{"line":31,"column":42}},"loc":{"start":{"line":31,"column":54},"end":{"line":35,"column":5}},"line":31},"4":{"name":"processFile1And2Data","decl":{"start":{"line":37,"column":13},"end":{"line":37,"column":33}},"loc":{"start":{"line":37,"column":48},"end":{"line":41,"column":5}},"line":37},"5":{"name":"getBalanceDue","decl":{"start":{"line":43,"column":13},"end":{"line":43,"column":26}},"loc":{"start":{"line":43,"column":29},"end":{"line":63,"column":5}},"line":43},"6":{"name":"(anonymous_6)","decl":{"start":{"line":45,"column":27},"end":{"line":45,"column":28}},"loc":{"start":{"line":45,"column":45},"end":{"line":61,"column":9}},"line":45},"7":{"name":"(anonymous_7)","decl":{"start":{"line":47,"column":38},"end":{"line":47,"column":39}},"loc":{"start":{"line":47,"column":55},"end":{"line":49,"column":13}},"line":47}},"branchMap":{"0":{"loc":{"start":{"line":20,"column":8},"end":{"line":22,"column":9}},"type":"if","locations":[{"start":{"line":20,"column":8},"end":{"line":22,"column":9}},{"start":{"line":20,"column":8},"end":{"line":22,"column":9}}],"line":20},"1":{"loc":{"start":{"line":20,"column":11},"end":{"line":20,"column":75}},"type":"binary-expr","locations":[{"start":{"line":20,"column":11},"end":{"line":20,"column":41}},{"start":{"line":20,"column":45},"end":{"line":20,"column":75}}],"line":20}},"s":{"0":1,"1":1,"2":1,"3":1,"4":1,"5":1,"6":1,"7":0,"8":0,"9":0,"10":0,"11":1,"12":0,"13":0,"14":1,"15":0,"16":0,"17":0,"18":0,"19":0,"20":1,"21":1,"22":0,"23":1,"24":1,"25":1,"26":1,"27":1,"28":1,"29":1},"f":{"0":1,"1":0,"2":1,"3":1,"4":0,"5":1,"6":1,"7":0},"b":{"0":[0,0],"1":[0,0]},"_coverageSchema":"43e27e138ebf9cfc5966b082cf9a028302ed4184","hash":"8751843d129751bb18e655bf1cd91cab683c7cd8"}
,"E:\\personal-projects\\sync-to-async-migration\\src\\index.js": {"path":"E:\\personal-projects\\sync-to-async-migration\\src\\index.js","statementMap":{"0":{"start":{"line":2,"column":0},"end":{"line":24,"column":5}},"1":{"start":{"line":6,"column":15},"end":{"line":6,"column":30}},"2":{"start":{"line":7,"column":18},"end":{"line":7,"column":36}},"3":{"start":{"line":8,"column":13},"end":{"line":8,"column":26}},"4":{"start":{"line":10,"column":24},"end":{"line":17,"column":3}},"5":{"start":{"line":19,"column":23},"end":{"line":19,"column":88}},"6":{"start":{"line":20,"column":15},"end":{"line":20,"column":57}},"7":{"start":{"line":21,"column":2},"end":{"line":21,"column":97}}},"fnMap":{"0":{"name":"(anonymous_0)","decl":{"start":{"line":2,"column":1},"end":{"line":2,"column":2}},"loc":{"start":{"line":2,"column":12},"end":{"line":24,"column":1}},"line":2}},"branchMap":{},"s":{"0":0,"1":0,"2":0,"3":0,"4":0,"5":0,"6":0,"7":0},"f":{"0":0},"b":{},"hash":"018d841525cc2531dfa6529748c0e168a83cc930"}
}
