TN:
SF:E:\personal-projects\sync-to-async-migration\src\get-balance-due.js
FN:2,(anonymous_0)
FN:9,getBalanceDue
FNF:2
FNH:0
FNDA:0,(anonymous_0)
FNDA:0,getBalanceDue
DA:2,0
DA:6,0
DA:7,0
DA:11,0
DA:12,0
DA:14,0
DA:15,0
DA:17,0
DA:18,0
DA:20,0
DA:22,0
DA:24,0
DA:27,0
LF:13
LH:0
BRF:0
BRH:0
end_of_record
TN:
SF:E:\personal-projects\sync-to-async-migration\src\get-balance-due.refactored.js
FN:1,(anonymous_0)
FN:17,(anonymous_1)
FN:25,readFile1AndProcessData
FN:31,readFile2AndProcessData
FN:37,processFile1And2Data
FN:43,getBalanceDue
FN:45,(anonymous_6)
FN:47,(anonymous_7)
FNF:8
FNH:5
FNDA:1,(anonymous_0)
FNDA:0,(anonymous_1)
FNDA:1,readFile1AndProcessData
FNDA:1,readFile2AndProcessData
FNDA:0,processFile1And2Data
FNDA:1,getBalanceDue
FNDA:1,(anonymous_6)
FNDA:0,(anonymous_7)
DA:1,1
DA:5,1
DA:6,1
DA:7,1
DA:9,1
DA:16,1
DA:17,1
DA:18,0
DA:19,0
DA:20,0
DA:21,0
DA:26,1
DA:27,0
DA:28,0
DA:32,1
DA:33,0
DA:34,0
DA:38,0
DA:39,0
DA:40,0
DA:45,1
DA:47,1
DA:48,0
DA:51,1
DA:52,1
DA:54,1
DA:55,1
DA:58,1
DA:59,1
DA:65,1
LF:30
LH:18
BRDA:20,0,0,0
BRDA:20,0,1,0
BRDA:20,1,0,0
BRDA:20,1,1,0
BRF:4
BRH:0
end_of_record
TN:
SF:E:\personal-projects\sync-to-async-migration\src\index.js
FN:2,(anonymous_0)
FNF:1
FNH:0
FNDA:0,(anonymous_0)
DA:2,0
DA:6,0
DA:7,0
DA:8,0
DA:10,0
DA:19,0
DA:20,0
DA:21,0
LF:8
LH:0
BRF:0
BRH:0
end_of_record
